# JRE version: OpenJDK Runtime Environment (21.0.6) (build 21.0.6+-13391695-b895.109)
# Java VM: OpenJDK 64-Bit Server VM (21.0.6+-13391695-b895.109, mixed mode, tiered, compressed oops, compressed class ptrs, g1 gc, windows-amd64)
GC Precious Log:
 CardTable entry size: 512
 Card Set container configuration: InlinePtr #cards 5 size 8 Array Of Cards #cards 12 size 40 Howl #buckets 4 coarsen threshold 1843 Howl Bitmap #cards 512 size 80 coarsen threshold 460 Card regions per heap region 1 cards per card region 2048
 CPUs: 12 total, 12 available
 Memory: 16318M
 Large Page Support: Disabled
 NUMA Support: Disabled
 Compressed Oops: Enabled (32-bit)
 Heap Region Size: 1M
 Heap Min Capacity: 8M
 Heap Initial Capacity: 256M
 Heap Max Capacity: 2G
 Pre-touch: Disabled
 Parallel Workers: 10
 Concurrent Workers: 3
 Concurrent Refinement Workers: 10
 Periodic GC: Disabled
Heap:
 garbage-first heap   total 234496K, used 172886K [0x0000000080000000, 0x0000000100000000)
  region size 1024K, 102 young (104448K), 6 survivors (6144K)
 Metaspace       used 58109K, committed 59456K, reserved 1114112K
  class space    used 7691K, committed 8384K, reserved 1048576K
GC Heap History (20 events):
Event: 19.555 GC heap before
{Heap before GC invocations=24 (full 0):
 garbage-first heap   total 175104K, used 160340K [0x0000000080000000, 0x0000000100000000)
  region size 1024K, 89 young (91136K), 4 survivors (4096K)
 Metaspace       used 57264K, committed 58624K, reserved 1114112K
  class space    used 7590K, committed 8256K, reserved 1048576K
}
Event: 19.558 GC heap after
{Heap after GC invocations=25 (full 0):
 garbage-first heap   total 175104K, used 74138K [0x0000000080000000, 0x0000000100000000)
  region size 1024K, 5 young (5120K), 5 survivors (5120K)
 Metaspace       used 57264K, committed 58624K, reserved 1114112K
  class space    used 7590K, committed 8256K, reserved 1048576K
}
Event: 20.335 GC heap before
{Heap before GC invocations=26 (full 0):
 garbage-first heap   total 175104K, used 159130K [0x0000000080000000, 0x0000000100000000)
  region size 1024K, 88 young (90112K), 5 survivors (5120K)
 Metaspace       used 57268K, committed 58624K, reserved 1114112K
  class space    used 7591K, committed 8256K, reserved 1048576K
}
Event: 20.342 GC heap after
{Heap after GC invocations=27 (full 0):
 garbage-first heap   total 175104K, used 75069K [0x0000000080000000, 0x0000000100000000)
  region size 1024K, 6 young (6144K), 6 survivors (6144K)
 Metaspace       used 57268K, committed 58624K, reserved 1114112K
  class space    used 7591K, committed 8256K, reserved 1048576K
}
Event: 21.123 GC heap before
{Heap before GC invocations=27 (full 0):
 garbage-first heap   total 175104K, used 158013K [0x0000000080000000, 0x0000000100000000)
  region size 1024K, 87 young (89088K), 6 survivors (6144K)
 Metaspace       used 57269K, committed 58624K, reserved 1114112K
  class space    used 7591K, committed 8256K, reserved 1048576K
}
Event: 21.143 GC heap after
{Heap after GC invocations=28 (full 0):
 garbage-first heap   total 175104K, used 75986K [0x0000000080000000, 0x0000000100000000)
  region size 1024K, 7 young (7168K), 7 survivors (7168K)
 Metaspace       used 57269K, committed 58624K, reserved 1114112K
  class space    used 7591K, committed 8256K, reserved 1048576K
}
Event: 21.969 GC heap before
{Heap before GC invocations=28 (full 0):
 garbage-first heap   total 175104K, used 156882K [0x0000000080000000, 0x0000000100000000)
  region size 1024K, 86 young (88064K), 7 survivors (7168K)
 Metaspace       used 57272K, committed 58624K, reserved 1114112K
  class space    used 7591K, committed 8256K, reserved 1048576K
}
Event: 21.973 GC heap after
{Heap after GC invocations=29 (full 0):
 garbage-first heap   total 175104K, used 76663K [0x0000000080000000, 0x0000000100000000)
  region size 1024K, 7 young (7168K), 7 survivors (7168K)
 Metaspace       used 57272K, committed 58624K, reserved 1114112K
  class space    used 7591K, committed 8256K, reserved 1048576K
}
Event: 22.423 GC heap before
{Heap before GC invocations=30 (full 0):
 garbage-first heap   total 175104K, used 156535K [0x0000000080000000, 0x0000000100000000)
  region size 1024K, 85 young (87040K), 7 survivors (7168K)
 Metaspace       used 57273K, committed 58624K, reserved 1114112K
  class space    used 7591K, committed 8256K, reserved 1048576K
}
Event: 22.427 GC heap after
{Heap after GC invocations=31 (full 0):
 garbage-first heap   total 175104K, used 77600K [0x0000000080000000, 0x0000000100000000)
  region size 1024K, 7 young (7168K), 7 survivors (7168K)
 Metaspace       used 57273K, committed 58624K, reserved 1114112K
  class space    used 7591K, committed 8256K, reserved 1048576K
}
Event: 22.736 GC heap before
{Heap before GC invocations=31 (full 0):
 garbage-first heap   total 175104K, used 157472K [0x0000000080000000, 0x0000000100000000)
  region size 1024K, 85 young (87040K), 7 survivors (7168K)
 Metaspace       used 57455K, committed 58752K, reserved 1114112K
  class space    used 7622K, committed 8256K, reserved 1048576K
}
Event: 22.747 GC heap after
{Heap after GC invocations=32 (full 0):
 garbage-first heap   total 175104K, used 72342K [0x0000000080000000, 0x0000000100000000)
  region size 1024K, 2 young (2048K), 2 survivors (2048K)
 Metaspace       used 57455K, committed 58752K, reserved 1114112K
  class space    used 7622K, committed 8256K, reserved 1048576K
}
Event: 22.910 GC heap before
{Heap before GC invocations=32 (full 0):
 garbage-first heap   total 175104K, used 162454K [0x0000000080000000, 0x0000000100000000)
  region size 1024K, 90 young (92160K), 2 survivors (2048K)
 Metaspace       used 57455K, committed 58752K, reserved 1114112K
  class space    used 7622K, committed 8256K, reserved 1048576K
}
Event: 22.964 GC heap after
{Heap after GC invocations=33 (full 0):
 garbage-first heap   total 234496K, used 73401K [0x0000000080000000, 0x0000000100000000)
  region size 1024K, 3 young (3072K), 3 survivors (3072K)
 Metaspace       used 57455K, committed 58752K, reserved 1114112K
  class space    used 7622K, committed 8256K, reserved 1048576K
}
Event: 23.747 GC heap before
{Heap before GC invocations=34 (full 0):
 garbage-first heap   total 234496K, used 210617K [0x0000000080000000, 0x0000000100000000)
  region size 1024K, 137 young (140288K), 3 survivors (3072K)
 Metaspace       used 57883K, committed 59264K, reserved 1114112K
  class space    used 7660K, committed 8320K, reserved 1048576K
}
Event: 23.751 GC heap after
{Heap after GC invocations=35 (full 0):
 garbage-first heap   total 234496K, used 74137K [0x0000000080000000, 0x0000000100000000)
  region size 1024K, 4 young (4096K), 4 survivors (4096K)
 Metaspace       used 57883K, committed 59264K, reserved 1114112K
  class space    used 7660K, committed 8320K, reserved 1048576K
}
Event: 24.373 GC heap before
{Heap before GC invocations=35 (full 0):
 garbage-first heap   total 234496K, used 209305K [0x0000000080000000, 0x0000000100000000)
  region size 1024K, 137 young (140288K), 4 survivors (4096K)
 Metaspace       used 58102K, committed 59456K, reserved 1114112K
  class space    used 7690K, committed 8384K, reserved 1048576K
}
Event: 24.379 GC heap after
{Heap after GC invocations=36 (full 0):
 garbage-first heap   total 234496K, used 74981K [0x0000000080000000, 0x0000000100000000)
  region size 1024K, 6 young (6144K), 6 survivors (6144K)
 Metaspace       used 58102K, committed 59456K, reserved 1114112K
  class space    used 7690K, committed 8384K, reserved 1048576K
}
Event: 25.355 GC heap before
{Heap before GC invocations=36 (full 0):
 garbage-first heap   total 234496K, used 208101K [0x0000000080000000, 0x0000000100000000)
  region size 1024K, 137 young (140288K), 6 survivors (6144K)
 Metaspace       used 58106K, committed 59456K, reserved 1114112K
  class space    used 7691K, committed 8384K, reserved 1048576K
}
Event: 25.359 GC heap after
{Heap after GC invocations=37 (full 0):
 garbage-first heap   total 234496K, used 75606K [0x0000000080000000, 0x0000000100000000)
  region size 1024K, 6 young (6144K), 6 survivors (6144K)
 Metaspace       used 58106K, committed 59456K, reserved 1114112K
  class space    used 7691K, committed 8384K, reserved 1048576K
}

