# JRE version: OpenJDK Runtime Environment (21.0.6) (build 21.0.6+-13391695-b895.109)
# Java VM: OpenJDK 64-Bit Server VM (21.0.6+-13391695-b895.109, mixed mode, tiered, compressed oops, compressed class ptrs, g1 gc, windows-amd64)
GC Precious Log:
 CardTable entry size: 512
 Card Set container configuration: InlinePtr #cards 5 size 8 Array Of Cards #cards 12 size 40 Howl #buckets 4 coarsen threshold 1843 Howl Bitmap #cards 512 size 80 coarsen threshold 460 Card regions per heap region 1 cards per card region 2048
 CPUs: 12 total, 12 available
 Memory: 16318M
 Large Page Support: Disabled
 NUMA Support: Disabled
 Compressed Oops: Enabled (32-bit)
 Heap Region Size: 1M
 Heap Min Capacity: 8M
 Heap Initial Capacity: 256M
 Heap Max Capacity: 2G
 Pre-touch: Disabled
 Parallel Workers: 10
 Concurrent Workers: 3
 Concurrent Refinement Workers: 10
 Periodic GC: Disabled
Heap:
 garbage-first heap   total 233472K, used 69715K [0x0000000080000000, 0x0000000100000000)
  region size 1024K, 4 young (4096K), 4 survivors (4096K)
 Metaspace       used 52156K, committed 53504K, reserved 1114112K
  class space    used 6906K, committed 7552K, reserved 1048576K
GC Heap History (20 events):
Event: 0.435 GC heap after
{Heap after GC invocations=1 (full 0):
 garbage-first heap   total 262144K, used 10493K [0x0000000080000000, 0x0000000100000000)
  region size 1024K, 3 young (3072K), 3 survivors (3072K)
 Metaspace       used 10865K, committed 11072K, reserved 1114112K
  class space    used 1126K, committed 1216K, reserved 1048576K
}
Event: 0.865 GC heap before
{Heap before GC invocations=1 (full 0):
 garbage-first heap   total 262144K, used 40189K [0x0000000080000000, 0x0000000100000000)
  region size 1024K, 32 young (32768K), 3 survivors (3072K)
 Metaspace       used 11929K, committed 12096K, reserved 1114112K
  class space    used 1235K, committed 1280K, reserved 1048576K
}
Event: 0.888 GC heap after
{Heap after GC invocations=2 (full 0):
 garbage-first heap   total 262144K, used 14622K [0x0000000080000000, 0x0000000100000000)
  region size 1024K, 4 young (4096K), 4 survivors (4096K)
 Metaspace       used 11929K, committed 12096K, reserved 1114112K
  class space    used 1235K, committed 1280K, reserved 1048576K
}
Event: 1.976 GC heap before
{Heap before GC invocations=2 (full 0):
 garbage-first heap   total 262144K, used 50462K [0x0000000080000000, 0x0000000100000000)
  region size 1024K, 40 young (40960K), 4 survivors (4096K)
 Metaspace       used 21242K, committed 21504K, reserved 1114112K
  class space    used 2453K, committed 2560K, reserved 1048576K
}
Event: 1.979 GC heap after
{Heap after GC invocations=3 (full 0):
 garbage-first heap   total 262144K, used 18650K [0x0000000080000000, 0x0000000100000000)
  region size 1024K, 8 young (8192K), 8 survivors (8192K)
 Metaspace       used 21242K, committed 21504K, reserved 1114112K
  class space    used 2453K, committed 2560K, reserved 1048576K
}
Event: 2.385 GC heap before
{Heap before GC invocations=4 (full 0):
 garbage-first heap   total 65536K, used 63706K [0x0000000080000000, 0x0000000100000000)
  region size 1024K, 53 young (54272K), 8 survivors (8192K)
 Metaspace       used 28574K, committed 29120K, reserved 1114112K
  class space    used 3662K, committed 3904K, reserved 1048576K
}
Event: 2.390 GC heap after
{Heap after GC invocations=5 (full 0):
 garbage-first heap   total 76800K, used 21595K [0x0000000080000000, 0x0000000100000000)
  region size 1024K, 7 young (7168K), 7 survivors (7168K)
 Metaspace       used 28574K, committed 29120K, reserved 1114112K
  class space    used 3662K, committed 3904K, reserved 1048576K
}
Event: 2.725 GC heap before
{Heap before GC invocations=5 (full 0):
 garbage-first heap   total 82944K, used 80987K [0x0000000080000000, 0x0000000100000000)
  region size 1024K, 39 young (39936K), 7 survivors (7168K)
 Metaspace       used 32681K, committed 33472K, reserved 1114112K
  class space    used 4369K, committed 4736K, reserved 1048576K
}
Event: 2.731 GC heap after
{Heap after GC invocations=6 (full 0):
 garbage-first heap   total 96256K, used 54974K [0x0000000080000000, 0x0000000100000000)
  region size 1024K, 6 young (6144K), 6 survivors (6144K)
 Metaspace       used 32681K, committed 33472K, reserved 1114112K
  class space    used 4369K, committed 4736K, reserved 1048576K
}
Event: 2.733 GC heap before
{Heap before GC invocations=6 (full 0):
 garbage-first heap   total 96256K, used 55998K [0x0000000080000000, 0x0000000100000000)
  region size 1024K, 8 young (8192K), 6 survivors (6144K)
 Metaspace       used 32683K, committed 33472K, reserved 1114112K
  class space    used 4369K, committed 4736K, reserved 1048576K
}
Event: 2.735 GC heap after
{Heap after GC invocations=7 (full 0):
 garbage-first heap   total 133120K, used 57179K [0x0000000080000000, 0x0000000100000000)
  region size 1024K, 2 young (2048K), 2 survivors (2048K)
 Metaspace       used 32683K, committed 33472K, reserved 1114112K
  class space    used 4369K, committed 4736K, reserved 1048576K
}
Event: 2.907 GC heap before
{Heap before GC invocations=7 (full 0):
 garbage-first heap   total 133120K, used 77659K [0x0000000080000000, 0x0000000100000000)
  region size 1024K, 23 young (23552K), 2 survivors (2048K)
 Metaspace       used 35306K, committed 36096K, reserved 1114112K
  class space    used 4783K, committed 5184K, reserved 1048576K
}
Event: 2.909 GC heap after
{Heap after GC invocations=8 (full 0):
 garbage-first heap   total 133120K, used 59100K [0x0000000080000000, 0x0000000100000000)
  region size 1024K, 3 young (3072K), 3 survivors (3072K)
 Metaspace       used 35306K, committed 36096K, reserved 1114112K
  class space    used 4783K, committed 5184K, reserved 1048576K
}
Event: 3.250 GC heap before
{Heap before GC invocations=9 (full 0):
 garbage-first heap   total 133120K, used 102108K [0x0000000080000000, 0x0000000100000000)
  region size 1024K, 46 young (47104K), 3 survivors (3072K)
 Metaspace       used 41802K, committed 43008K, reserved 1114112K
  class space    used 5730K, committed 6336K, reserved 1048576K
}
Event: 3.253 GC heap after
{Heap after GC invocations=10 (full 0):
 garbage-first heap   total 133120K, used 61815K [0x0000000080000000, 0x0000000100000000)
  region size 1024K, 5 young (5120K), 5 survivors (5120K)
 Metaspace       used 41802K, committed 43008K, reserved 1114112K
  class space    used 5730K, committed 6336K, reserved 1048576K
}
Event: 3.535 GC heap before
{Heap before GC invocations=10 (full 0):
 garbage-first heap   total 133120K, used 111991K [0x0000000080000000, 0x0000000100000000)
  region size 1024K, 50 young (51200K), 5 survivors (5120K)
 Metaspace       used 47843K, committed 49088K, reserved 1114112K
  class space    used 6288K, committed 6912K, reserved 1048576K
}
Event: 3.539 GC heap after
{Heap after GC invocations=11 (full 0):
 garbage-first heap   total 133120K, used 66396K [0x0000000080000000, 0x0000000100000000)
  region size 1024K, 7 young (7168K), 7 survivors (7168K)
 Metaspace       used 47843K, committed 49088K, reserved 1114112K
  class space    used 6288K, committed 6912K, reserved 1048576K
}
Event: 3.909 GC heap before
{Heap before GC invocations=11 (full 0):
 garbage-first heap   total 133120K, used 111452K [0x0000000080000000, 0x0000000100000000)
  region size 1024K, 51 young (52224K), 7 survivors (7168K)
 Metaspace       used 51893K, committed 53248K, reserved 1114112K
  class space    used 6885K, committed 7552K, reserved 1048576K
}
Event: 3.914 GC heap after
{Heap after GC invocations=12 (full 0):
 garbage-first heap   total 133120K, used 69120K [0x0000000080000000, 0x0000000100000000)
  region size 1024K, 3 young (3072K), 3 survivors (3072K)
 Metaspace       used 51893K, committed 53248K, reserved 1114112K
  class space    used 6885K, committed 7552K, reserved 1048576K
}
Event: 4.248 GC heap before
{Heap before GC invocations=12 (full 0):
 garbage-first heap   total 133120K, used 113152K [0x0000000080000000, 0x0000000100000000)
  region size 1024K, 47 young (48128K), 3 survivors (3072K)
 Metaspace       used 52156K, committed 53504K, reserved 1114112K
  class space    used 6906K, committed 7552K, reserved 1048576K
}

